\BOOKMARK [1][-]{section*.1}{Introducci\363n}{}% 1
\BOOKMARK [1][-]{section*.2}{Linux}{}% 2
\BOOKMARK [2][-]{section*.3}{\277Qu\351 es el kernel?}{section*.2}% 3
\BOOKMARK [2][-]{Item.1}{\277Qu\351 son las bibliotecas \(librerias\) del sistema? Indique algunos ejemplos de librerias}{section*.2}% 4
\BOOKMARK [2][-]{Item.2}{\277C\363mo es el proceso de arranque de Linux?}{section*.2}% 5
\BOOKMARK [2][-]{Item.9}{\277Qu\351 es el registro de arranque maestro MBR?}{section*.2}% 6
\BOOKMARK [2][-]{Item.10}{\277Qu\351 es el gestor de arranque \(boot loader\)?\277Cu\341les son sus etapas?}{section*.2}% 7
\BOOKMARK [2][-]{Item.11}{Indicar la diferencia entre CLI y el GUI}{section*.2}% 8
\BOOKMARK [2][-]{Item.12}{\277Qu\351 es GNOME?}{section*.2}% 9
\BOOKMARK [2][-]{Item.13}{\277Qu\351 es KDE?}{section*.2}% 10
\BOOKMARK [2][-]{Item.14}{Indicar y describir los comando m\341s utilizados en Linux}{section*.2}% 11
\BOOKMARK [1][-]{section*.4}{Otros sistemas operativos \(puede ser para TV, dispositivo m\363vil, autom\363vil, videojuego\)}{}% 12
\BOOKMARK [2][-]{section*.5}{Dispositivo en el que se puede ejecutar}{section*.4}% 13
\BOOKMARK [2][-]{Item.26}{Comunidad y Soporte}{section*.4}% 14
\BOOKMARK [2][-]{Item.27}{Usabilidad}{section*.4}% 15
\BOOKMARK [2][-]{Item.28}{Funcionalidad}{section*.4}% 16
\BOOKMARK [2][-]{Item.29}{Caracter\355sticas t\351cnicas que debe tener el dispositivo donde se instalar\341}{section*.4}% 17
\BOOKMARK [2][-]{Item.30}{Operaciones b\341sicas que se pueden realizar con el SO}{section*.4}% 18
\BOOKMARK [2][-]{Item.31}{Versionas: aplicaciones, ambientes, mejoras con respecto a versiones previas}{section*.4}% 19
\BOOKMARK [2][-]{Item.32}{Caracter\355sticas \(plataformas, requisitos, procesadores\)}{section*.4}% 20
\BOOKMARK [2][-]{Item.33}{Administrador de tareas Monitor de sistema}{section*.4}% 21
\BOOKMARK [2][-]{Item.34}{BIOS \(integraci\363n y fundamento como soporte para el SO\)}{section*.4}% 22
\BOOKMARK [1][-]{section*.6}{Conclusi\363n}{}% 23
\BOOKMARK [1][-]{section*.7}{Referencias}{}% 24
