\BOOKMARK [1][-]{section*.1}{Introducci\363n}{}% 1
\BOOKMARK [1][-]{section*.2}{Configuraci\363n}{}% 2
\BOOKMARK [2][-]{section*.3}{\277C\363mo acceder a la configuraci\363n de Windows?}{section*.2}% 3
\BOOKMARK [2][-]{Item.1}{\277Qu\351 recomendaciones le dar\355a a un usuario para proteger al m\341ximo su privacidad?}{section*.2}% 4
\BOOKMARK [2][-]{Item.2}{Cree un peque\361o manual explicando los diferentes componentes de la configuraci\363n \(qu\351 es, para qu\351 sirve, componentes\)}{section*.2}% 5
\BOOKMARK [1][-]{section*.4}{Modo recuperaci\363n}{}% 6
\BOOKMARK [2][-]{section*.5}{\277Qu\351 se puede hacer en el modo recuperaci\363n?}{section*.4}% 7
\BOOKMARK [1][-]{section*.6}{Pantalla azul de la muerte}{}% 8
\BOOKMARK [2][-]{section*.7}{\277Qu\351 le puede recomendar a un usuario si le sale la pantalla azul de la muerte?}{section*.6}% 9
\BOOKMARK [2][-]{Item.4}{\277Cu\341les son los mensajes m\341s frecuentes de la pantalla azul de la muerte?}{section*.6}% 10
\BOOKMARK [1][-]{section*.8}{Virus/Antivirus}{}% 11
\BOOKMARK [2][-]{section*.9}{\277Qu\351 es un virus inform\341tico?}{section*.8}% 12
\BOOKMARK [2][-]{Item.6}{Historia de los virus}{section*.8}% 13
\BOOKMARK [2][-]{Item.7}{\277Cu\341les han sido los virus m\341s da\361inos?}{section*.8}% 14
\BOOKMARK [2][-]{Item.13}{\277Qu\351 es malware, virus, gusanos, spyware, troyanos, ransomware, scareware?}{section*.8}% 15
\BOOKMARK [2][-]{Item.14}{Realizar una lista de los antivirus m\341s utilizados}{section*.8}% 16
\BOOKMARK [2][-]{Item.15}{Realizar una lista de los antimalware m\341s utilizados}{section*.8}% 17
\BOOKMARK [2][-]{Item.16}{\277Cu\341l es la mejor manera de tener su equipo libre de virus? Justificar}{section*.8}% 18
\BOOKMARK [1][-]{section*.10}{Conclusi\363n}{}% 19
\BOOKMARK [1][-]{section*.11}{Referencias}{}% 20
